
2018-05-25 10:12:11...installerHook: Info: custom/install/install_hooks.php not present, no custom hooks to execute
2018-05-25 10:12:25...Begin System Check Process *************
2018-05-25 10:12:25...XML Parsing Support Found
2018-05-25 10:12:25...MBString Support Found
2018-05-25 10:12:25...ZIP Support Found
2018-05-25 10:12:25.../custom directory and subdirectory check passed
2018-05-25 10:12:25...cache directory and subdirectory check passed
2018-05-25 10:12:25.../module  directory and subdirectory check passed
2018-05-25 10:12:25.../upload directory check passed
2018-05-25 10:12:25.../zip check passed
2018-05-25 10:12:25...PCRE version check passed
2018-05-25 10:12:25...installerHook: Info: custom/install/install_hooks.php not present, no custom hooks to execute
2018-05-25 10:12:25...php.ini location found. /etc/php/7.0/apache2/php.ini
2018-05-25 10:12:25...Outputting HTML for System check
2018-05-25 10:12:25...No Errors were found *************
2018-05-25 10:12:30...installerHook: Info: custom/install/install_hooks.php not present, no custom hooks to execute
2018-05-25 10:24:56...installerHook: Info: custom/install/install_hooks.php not present, no custom hooks to execute
2018-05-25 10:25:36...Begin DB Check Process *************
2018-05-25 10:25:36...testing with mysql:mysqli
2018-05-25 10:25:36...Basic form info is valid, continuing Process.
2018-05-25 10:25:36...Testing user account...
2018-05-25 10:25:36...ERROR::  The provided database host, username, and/or password is invalid, and a connection to the database could not be established. Please enter a valid host, username and password
2018-05-25 10:25:36...FATAL:: errors have been detected!  User will not be allowed to continue.  Errors are as follow:
2018-05-25 10:25:36..... The provided database host, username, and/or password is invalid, and a connection to the database could not be established. Please enter a valid host, username and password
2018-05-25 10:25:36...End DB Check Process *************
2018-05-25 10:26:02...Begin DB Check Process *************
2018-05-25 10:26:02...testing with mysql:mysqli
2018-05-25 10:26:02...Basic form info is valid, continuing Process.
2018-05-25 10:26:02...Testing user account...
2018-05-25 10:26:02...Connection made using  host: localhost, usr: root
2018-05-25 10:26:02...SUCCESS:: no errors detected!
2018-05-25 10:26:02...End DB Check Process *************
2018-05-25 10:26:02...installerHook: Info: custom/install/install_hooks.php not present, no custom hooks to execute
2018-05-25 10:26:02...calling handleSugarConfig()
2018-05-25 10:26:02...calling handleHtaccess()
2018-05-25 10:26:02...calling handleDbCreateDatabase()
2018-05-25 10:26:02...looping through all the Beans and create their tables
2018-05-25 10:26:02...processing table acl_actions
2018-05-25 10:26:02...creating table acl_actions
2018-05-25 10:26:02...creating Relationship Meta for ACLAction
2018-05-25 10:26:02...processing table acl_roles
2018-05-25 10:26:02...creating table acl_roles
2018-05-25 10:26:02...creating Relationship Meta for ACLRole
2018-05-25 10:26:02...processing table relationships
2018-05-25 10:26:02...creating table relationships
2018-05-25 10:26:02...creating Relationship Meta for Relationship
2018-05-25 10:26:02...processing table leads
2018-05-25 10:26:02...creating table leads
2018-05-25 10:26:02...creating Relationship Meta for Lead
2018-05-25 10:26:02...processing table cases
2018-05-25 10:26:03...creating table cases
2018-05-25 10:26:03...creating Relationship Meta for Case
2018-05-25 10:26:03...processing table bugs
2018-05-25 10:26:03...creating table bugs
2018-05-25 10:26:03...creating Relationship Meta for Bug
2018-05-25 10:26:03...processing table users
2018-05-25 10:26:03...creating table users
2018-05-25 10:26:03...creating Relationship Meta for User
2018-05-25 10:26:03...processing table campaign_log
2018-05-25 10:26:03...creating table campaign_log
2018-05-25 10:26:03...creating Relationship Meta for CampaignLog
2018-05-25 10:26:03...processing table project
2018-05-25 10:26:03...creating table project
2018-05-25 10:26:03...creating Relationship Meta for Project
2018-05-25 10:26:03...processing table project_task
2018-05-25 10:26:03...creating table project_task
2018-05-25 10:26:03...creating Relationship Meta for ProjectTask
2018-05-25 10:26:03...processing table campaigns
2018-05-25 10:26:04...creating table campaigns
2018-05-25 10:26:04...creating Relationship Meta for Campaign
2018-05-25 10:26:04...processing table prospect_lists
2018-05-25 10:26:04...creating table prospect_lists
2018-05-25 10:26:04...creating Relationship Meta for ProspectList
2018-05-25 10:26:04...processing table prospects
2018-05-25 10:26:04...creating table prospects
2018-05-25 10:26:04...creating Relationship Meta for Prospect
2018-05-25 10:26:04...processing table email_marketing
2018-05-25 10:26:04...creating table email_marketing
2018-05-25 10:26:04...creating Relationship Meta for EmailMarketing
2018-05-25 10:26:04...processing table campaign_trkrs
2018-05-25 10:26:04...creating table campaign_trkrs
2018-05-25 10:26:04...creating Relationship Meta for CampaignTracker
2018-05-25 10:26:04...processing table releases
2018-05-25 10:26:04...creating table releases
2018-05-25 10:26:04...creating Relationship Meta for Release
2018-05-25 10:26:04...processing table emailman
2018-05-25 10:26:04...creating table emailman
2018-05-25 10:26:04...creating Relationship Meta for EmailMan
2018-05-25 10:26:04...processing table schedulers
2018-05-25 10:26:04...creating table schedulers
2018-05-25 10:26:04...creating Relationship Meta for Scheduler
2018-05-25 10:26:04...processing table job_queue
2018-05-25 10:26:04...creating table job_queue
2018-05-25 10:26:04...creating Relationship Meta for SchedulersJob
2018-05-25 10:26:04...processing table contacts
2018-05-25 10:26:05...creating table contacts
2018-05-25 10:26:05...creating Relationship Meta for Contact
2018-05-25 10:26:05...processing table accounts
2018-05-25 10:26:05...creating table accounts
2018-05-25 10:26:05...creating Relationship Meta for Account
2018-05-25 10:26:05...processing table opportunities
2018-05-25 10:26:05...creating table opportunities
2018-05-25 10:26:05...creating Relationship Meta for Opportunity
2018-05-25 10:26:05...processing table email_templates
2018-05-25 10:26:05...creating table email_templates
2018-05-25 10:26:05...creating Relationship Meta for EmailTemplate
2018-05-25 10:26:05...processing table notes
2018-05-25 10:26:05...creating table notes
2018-05-25 10:26:05...creating Relationship Meta for Note
2018-05-25 10:26:05...processing table calls
2018-05-25 10:26:06...creating table calls
2018-05-25 10:26:06...creating Relationship Meta for Call
2018-05-25 10:26:06...processing table emails
2018-05-25 10:26:06...creating table emails
2018-05-25 10:26:06...creating Relationship Meta for Email
2018-05-25 10:26:06...processing table meetings
2018-05-25 10:26:06...creating table meetings
2018-05-25 10:26:06...creating Relationship Meta for Meeting
2018-05-25 10:26:06...processing table tasks
2018-05-25 10:26:06...creating table tasks
2018-05-25 10:26:06...creating Relationship Meta for Task
2018-05-25 10:26:06...processing table users
2018-05-25 10:26:06...processing table users
2018-05-25 10:26:06...processing table currencies
2018-05-25 10:26:06...creating table currencies
2018-05-25 10:26:06...creating Relationship Meta for Currency
2018-05-25 10:26:06...processing table tracker
2018-05-25 10:26:06...creating table tracker
2018-05-25 10:26:06...creating Relationship Meta for Tracker
2018-05-25 10:26:06...processing table import_maps
2018-05-25 10:26:06...creating table import_maps
2018-05-25 10:26:06...creating Relationship Meta for ImportMap
2018-05-25 10:26:06...processing table users_last_import
2018-05-25 10:26:06...creating table users_last_import
2018-05-25 10:26:06...creating Relationship Meta for UsersLastImport
2018-05-25 10:26:06...processing table config
2018-05-25 10:26:06...creating table config
2018-05-25 10:26:06...creating Relationship Meta for Administration
2018-05-25 10:26:06...processing table upgrade_history
2018-05-25 10:26:06...creating table upgrade_history
2018-05-25 10:26:06...creating Relationship Meta for UpgradeHistory
2018-05-25 10:26:06...processing table vcals
2018-05-25 10:26:06...creating table vcals
2018-05-25 10:26:06...creating Relationship Meta for vCal
2018-05-25 10:26:06...processing table alerts
2018-05-25 10:26:06...creating table alerts
2018-05-25 10:26:06...creating Relationship Meta for Alert
2018-05-25 10:26:06...processing table roles
2018-05-25 10:26:06...creating table roles
2018-05-25 10:26:06...creating Relationship Meta for Role
2018-05-25 10:26:06...processing table documents
2018-05-25 10:26:07...creating table documents
2018-05-25 10:26:07...creating Relationship Meta for Document
2018-05-25 10:26:07...processing table document_revisions
2018-05-25 10:26:07...creating table document_revisions
2018-05-25 10:26:07...creating Relationship Meta for DocumentRevision
2018-05-25 10:26:07...processing table fields_meta_data
2018-05-25 10:26:07...creating table fields_meta_data
2018-05-25 10:26:07...creating Relationship Meta for FieldsMetaData
2018-05-25 10:26:07...processing table inbound_email
2018-05-25 10:26:07...creating table inbound_email
2018-05-25 10:26:07...creating Relationship Meta for InboundEmail
2018-05-25 10:26:07...processing table saved_search
2018-05-25 10:26:07...creating table saved_search
2018-05-25 10:26:07...creating Relationship Meta for SavedSearch
2018-05-25 10:26:07...processing table user_preferences
2018-05-25 10:26:07...creating table user_preferences
2018-05-25 10:26:07...creating Relationship Meta for UserPreference
2018-05-25 10:26:07...processing table 
2018-05-25 10:26:07...processing table email_addresses
2018-05-25 10:26:07...creating table email_addresses
2018-05-25 10:26:07...creating Relationship Meta for EmailAddress
2018-05-25 10:26:07...processing table emails_text
2018-05-25 10:26:07...creating table emails_text
2018-05-25 10:26:07...creating Relationship Meta for EmailText
2018-05-25 10:26:07...processing table spots
2018-05-25 10:26:07...creating table spots
2018-05-25 10:26:07...creating Relationship Meta for Spots
2018-05-25 10:26:07...processing table aobh_businesshours
2018-05-25 10:26:07...creating table aobh_businesshours
2018-05-25 10:26:07...creating Relationship Meta for AOBH_BusinessHours
2018-05-25 10:26:07...processing table sugarfeed
2018-05-25 10:26:07...creating table sugarfeed
2018-05-25 10:26:07...creating Relationship Meta for SugarFeed
2018-05-25 10:26:07...processing table eapm
2018-05-25 10:26:07...creating table eapm
2018-05-25 10:26:07...creating Relationship Meta for EAPM
2018-05-25 10:26:07...processing table oauth_consumer
2018-05-25 10:26:07...creating table oauth_consumer
2018-05-25 10:26:07...creating Relationship Meta for OAuthKey
2018-05-25 10:26:07...processing table oauth_tokens
2018-05-25 10:26:07...creating table oauth_tokens
2018-05-25 10:26:07...creating Relationship Meta for OAuthToken
2018-05-25 10:26:07...processing table am_projecttemplates
2018-05-25 10:26:08...creating table am_projecttemplates
2018-05-25 10:26:08...creating Relationship Meta for AM_ProjectTemplates
2018-05-25 10:26:08...processing table am_tasktemplates
2018-05-25 10:26:08...creating table am_tasktemplates
2018-05-25 10:26:08...creating Relationship Meta for AM_TaskTemplates
2018-05-25 10:26:08...processing table favorites
2018-05-25 10:26:08...creating table favorites
2018-05-25 10:26:08...creating Relationship Meta for Favorites
2018-05-25 10:26:08...processing table aok_knowledge_base_categories
2018-05-25 10:26:08...creating table aok_knowledge_base_categories
2018-05-25 10:26:08...creating Relationship Meta for AOK_Knowledge_Base_Categories
2018-05-25 10:26:08...processing table aok_knowledgebase
2018-05-25 10:26:08...creating table aok_knowledgebase
2018-05-25 10:26:08...creating Relationship Meta for AOK_KnowledgeBase
2018-05-25 10:26:08...processing table reminders
2018-05-25 10:26:08...creating table reminders
2018-05-25 10:26:08...creating Relationship Meta for Reminder
2018-05-25 10:26:08...processing table reminders_invitees
2018-05-25 10:26:08...creating table reminders_invitees
2018-05-25 10:26:08...creating Relationship Meta for Reminder_Invitee
2018-05-25 10:26:08...processing table fp_events
2018-05-25 10:26:08...creating table fp_events
2018-05-25 10:26:08...creating Relationship Meta for FP_events
2018-05-25 10:26:08...processing table fp_event_locations
2018-05-25 10:26:09...creating table fp_event_locations
2018-05-25 10:26:09...creating Relationship Meta for FP_Event_Locations
2018-05-25 10:26:09...processing table aod_indexevent
2018-05-25 10:26:09...creating table aod_indexevent
2018-05-25 10:26:09...creating Relationship Meta for AOD_IndexEvent
2018-05-25 10:26:09...processing table aod_index
2018-05-25 10:26:09...creating table aod_index
2018-05-25 10:26:09...creating Relationship Meta for AOD_Index
2018-05-25 10:26:09...processing table aop_case_events
2018-05-25 10:26:09...creating table aop_case_events
2018-05-25 10:26:09...creating Relationship Meta for AOP_Case_Events
2018-05-25 10:26:09...processing table aop_case_updates
2018-05-25 10:26:09...creating table aop_case_updates
2018-05-25 10:26:09...creating Relationship Meta for AOP_Case_Updates
2018-05-25 10:26:09...processing table aor_reports
2018-05-25 10:26:09...creating table aor_reports
2018-05-25 10:26:09...creating Relationship Meta for AOR_Report
2018-05-25 10:26:10...processing table aor_fields
2018-05-25 10:26:10...creating table aor_fields
2018-05-25 10:26:10...creating Relationship Meta for AOR_Field
2018-05-25 10:26:10...processing table aor_charts
2018-05-25 10:26:10...creating table aor_charts
2018-05-25 10:26:10...creating Relationship Meta for AOR_Chart
2018-05-25 10:26:10...processing table aor_conditions
2018-05-25 10:26:10...creating table aor_conditions
2018-05-25 10:26:10...creating Relationship Meta for AOR_Condition
2018-05-25 10:26:10...processing table aor_scheduled_reports
2018-05-25 10:26:10...creating table aor_scheduled_reports
2018-05-25 10:26:10...creating Relationship Meta for AOR_Scheduled_Reports
2018-05-25 10:26:10...processing table aos_contracts
2018-05-25 10:26:10...creating table aos_contracts
2018-05-25 10:26:10...creating Relationship Meta for AOS_Contracts
2018-05-25 10:26:10...processing table aos_invoices
2018-05-25 10:26:10...creating table aos_invoices
2018-05-25 10:26:10...creating Relationship Meta for AOS_Invoices
2018-05-25 10:26:10...processing table aos_pdf_templates
2018-05-25 10:26:10...creating table aos_pdf_templates
2018-05-25 10:26:10...creating Relationship Meta for AOS_PDF_Templates
2018-05-25 10:26:10...processing table aos_product_categories
2018-05-25 10:26:11...creating table aos_product_categories
2018-05-25 10:26:11...creating Relationship Meta for AOS_Product_Categories
2018-05-25 10:26:11...processing table aos_products
2018-05-25 10:26:11...creating table aos_products
2018-05-25 10:26:11...creating Relationship Meta for AOS_Products
2018-05-25 10:26:11...processing table aos_products_quotes
2018-05-25 10:26:11...creating table aos_products_quotes
2018-05-25 10:26:11...creating Relationship Meta for AOS_Products_Quotes
2018-05-25 10:26:11...processing table aos_line_item_groups
2018-05-25 10:26:11...creating table aos_line_item_groups
2018-05-25 10:26:11...creating Relationship Meta for AOS_Line_Item_Groups
2018-05-25 10:26:11...processing table aos_quotes
2018-05-25 10:26:11...creating table aos_quotes
2018-05-25 10:26:11...creating Relationship Meta for AOS_Quotes
2018-05-25 10:26:11...processing table aow_actions
2018-05-25 10:26:11...creating table aow_actions
2018-05-25 10:26:11...creating Relationship Meta for AOW_Action
2018-05-25 10:26:11...processing table aow_workflow
2018-05-25 10:26:11...creating table aow_workflow
2018-05-25 10:26:11...creating Relationship Meta for AOW_WorkFlow
2018-05-25 10:26:11...processing table aow_processed
2018-05-25 10:26:11...creating table aow_processed
2018-05-25 10:26:11...creating Relationship Meta for AOW_Processed
2018-05-25 10:26:11...processing table aow_conditions
2018-05-25 10:26:11...creating table aow_conditions
2018-05-25 10:26:11...creating Relationship Meta for AOW_Condition
2018-05-25 10:26:11...processing table jjwg_maps
2018-05-25 10:26:12...creating table jjwg_maps
2018-05-25 10:26:12...creating Relationship Meta for jjwg_Maps
2018-05-25 10:26:12...processing table jjwg_markers
2018-05-25 10:26:12...creating table jjwg_markers
2018-05-25 10:26:12...creating Relationship Meta for jjwg_Markers
2018-05-25 10:26:12...processing table jjwg_areas
2018-05-25 10:26:12...creating table jjwg_areas
2018-05-25 10:26:12...creating Relationship Meta for jjwg_Areas
2018-05-25 10:26:12...processing table jjwg_address_cache
2018-05-25 10:26:12...creating table jjwg_address_cache
2018-05-25 10:26:12...creating Relationship Meta for jjwg_Address_Cache
2018-05-25 10:26:12...processing table calls_reschedule
2018-05-25 10:26:12...creating table calls_reschedule
2018-05-25 10:26:12...creating Relationship Meta for Calls_Reschedule
2018-05-25 10:26:12...processing table securitygroups
2018-05-25 10:26:13...creating table securitygroups
2018-05-25 10:26:13...creating Relationship Meta for SecurityGroup
2018-05-25 10:26:13...processing table outbound_email
2018-05-25 10:26:13...creating table outbound_email
2018-05-25 10:26:13...creating Relationship Meta for OutboundEmailAccounts
2018-05-25 10:26:13...processing table templatesectionline
2018-05-25 10:26:13...creating table templatesectionline
2018-05-25 10:26:13...creating Relationship Meta for TemplateSectionLine
2018-05-25 10:26:13...processing table oauth2tokens
2018-05-25 10:26:13...creating table oauth2tokens
2018-05-25 10:26:13...creating Relationship Meta for OAuth2Tokens
2018-05-25 10:26:13...processing table oauth2clients
2018-05-25 10:26:13...creating table oauth2clients
2018-05-25 10:26:13...creating Relationship Meta for OAuth2Clients
2018-05-25 10:26:13...processing table surveyresponses
2018-05-25 10:26:13...creating table surveyresponses
2018-05-25 10:26:13...creating Relationship Meta for SurveyResponses
2018-05-25 10:26:13...processing table surveys
2018-05-25 10:26:13...creating table surveys
2018-05-25 10:26:13...creating Relationship Meta for Surveys
2018-05-25 10:26:13...processing table surveyquestionresponses
2018-05-25 10:26:13...creating table surveyquestionresponses
2018-05-25 10:26:13...creating Relationship Meta for SurveyQuestionResponses
2018-05-25 10:26:14...processing table surveyquestions
2018-05-25 10:26:14...creating table surveyquestions
2018-05-25 10:26:14...creating Relationship Meta for SurveyQuestions
2018-05-25 10:26:14...processing table surveyquestionoptions
2018-05-25 10:26:14...creating table surveyquestionoptions
2018-05-25 10:26:14...creating Relationship Meta for SurveyQuestionOptions
2018-05-25 10:26:16...Begin creating Defaults
2018-05-25 10:26:16...insert defaults into config table
2018-05-25 10:26:16...Creating default users
2018-05-25 10:26:16...Creating default scheduler jobs
2018-05-25 10:26:16...Enable SugarFeeds
2018-05-25 10:26:16...Installation has completed *********
2018-05-25 10:26:21...populating the db with seed data
2018-05-25 10:26:21...Save configuration settings..
2018-05-25 10:26:21...save locale
2018-05-25 10:26:21...new Administration
2018-05-25 10:26:21...retrieveSettings
2018-05-25 10:26:21...AdminWizard OFF
2018-05-25 10:26:21...saveConfig
2018-05-25 10:26:21...new Configurator
2018-05-25 10:26:21...populateFromPost
2018-05-25 10:26:21...handleOverride
2018-05-25 10:26:21...addCronAllowedUser
2018-05-25 10:26:21...saveConfig
2018-05-25 10:26:21...new Currency
2018-05-25 10:26:21...retrieve
2018-05-25 10:26:21...DBG: save currency
2018-05-25 10:26:21...Save user settings..
2018-05-25 10:26:21...DBG: SugarThemeRegistry::getDefault
2018-05-25 10:26:21...DBG: require modules/Users/Save.php